{"C:\\Users\\fgiro\\Desktop\\Les-bases-JS-AZ\\From Scratch - Dev Web\\Java Script\\JS P6\\test-js\\add.js": {"path":"C:\\Users\\fgiro\\Desktop\\Les-bases-JS-AZ\\From Scratch - Dev Web\\Java Script\\JS P6\\test-js\\add.js","statementMap":{"0":{"start":{"line":6,"column":2},"end":{"line":6,"column":15}},"1":{"start":{"line":9,"column":0},"end":{"line":9,"column":24}}},"fnMap":{"0":{"name":"addNum","decl":{"start":{"line":5,"column":9},"end":{"line":5,"column":15}},"loc":{"start":{"line":5,"column":22},"end":{"line":7,"column":1}},"line":5}},"branchMap":{},"s":{"0":1,"1":1},"f":{"0":1},"b":{},"_coverageSchema":"1a1c01bbd47fc00a2c39e90264f33305004495a9","hash":"b25afb6defb88d023713353a589e4fcaa79e776e"}
,"C:\\Users\\fgiro\\Desktop\\Les-bases-JS-AZ\\From Scratch - Dev Web\\Java Script\\JS P6\\test-js\\fusionArray.js": {"path":"C:\\Users\\fgiro\\Desktop\\Les-bases-JS-AZ\\From Scratch - Dev Web\\Java Script\\JS P6\\test-js\\fusionArray.js","statementMap":{"0":{"start":{"line":2,"column":2},"end":{"line":2,"column":28}},"1":{"start":{"line":5,"column":0},"end":{"line":5,"column":29}}},"fnMap":{"0":{"name":"fusionArray","decl":{"start":{"line":1,"column":9},"end":{"line":1,"column":20}},"loc":{"start":{"line":1,"column":33},"end":{"line":3,"column":1}},"line":1}},"branchMap":{},"s":{"0":1,"1":1},"f":{"0":1},"b":{},"_coverageSchema":"1a1c01bbd47fc00a2c39e90264f33305004495a9","hash":"01901cd1ac0347d1a7cca1c5fce6daaf2339fe96"}
}
